<?xml version="1.0" encoding="UTF-8"?>
<!-- Generated by org.testng.reporters.JUnitReportReporter -->
<testsuite hostname="DESKTOP-6NN85U2" failures="0" tests="1" name="com.tutorialsNinja.qa.testCases.registeration" time="7.064" errors="0" timestamp="2023-08-26T17:02:45 IST" skipped="0">
  <testcase classname="com.tutorialsNinja.qa.testCases.registeration" name="verify_RegistrationOfNewUser" time="7.064"/>
  <system-out/>
</testsuite> <!-- com.tutorialsNinja.qa.testCases.registeration -->
