<?xml version="1.0" encoding="UTF-8"?>
<!-- Generated by org.testng.reporters.JUnitReportReporter -->
<testsuite hostname="DESKTOP-6NN85U2" failures="0" tests="1" name="com.tutorialsNinja.qa.testCases.login" time="5.323" errors="0" timestamp="2023-08-19T16:57:17 IST" skipped="0">
  <testcase classname="com.tutorialsNinja.qa.testCases.login" name="verify_loginWithValidCredentials" time="5.323"/>
  <system-out/>
</testsuite> <!-- com.tutorialsNinja.qa.testCases.login -->
